<?xml version="1.0" encoding="UTF-8"?>
<!-- Generated by org.testng.reporters.JUnitXMLReporter -->
<testsuite hostname="system3-PC" ignored="0" name="Test" tests="4" failures="0" timestamp="14 Sep 2018 05:28:28 GMT" time="0.379" errors="0">
  <testcase name="AppiumTest" time="0.022" classname="vijay.AppiumTest"/>
  <testcase name="AppiumTestRest" time="0.008" classname="vijay.AppiumTest"/>
  <testcase name="MobileTest" time="0.074" classname="vijay.MobileTest"/>
  <testcase name="MobileTestRest" time="0.006" classname="vijay.MobileTest"/>
</testsuite> <!-- Test -->
